2025-07-09 17:12:49,001 - plum_chatbot.webserver.lifespan - INFO - Initializing dependencies...
2025-07-09 17:12:49,050 - httpx - INFO - HTTP Request: GET http://plum_database:6333 "HTTP/1.1 200 OK"
2025-07-09 17:12:49,051 - httpx - INFO - HTTP Request: GET http://plum_database:6333/collections/FAQ2 "HTTP/1.1 200 OK"
2025-07-09 17:12:49,199 - httpx - INFO - HTTP Request: POST http://host.docker.internal:11434/api/embed "HTTP/1.1 200 OK"
2025-07-09 17:12:49,200 - plum_chatbot.datasources.qdrant_datasource - INFO - Qdrant client initialized successfully.
2025-07-09 17:12:49,293 - plum_chatbot.datasources.postgres_datasource - INFO - PostgreSQL client initialized successfully.
2025-07-09 17:12:49,293 - plum_chatbot.webserver.lifespan - INFO - All dependencies initialized successfully.
2025-07-09 17:12:49,293 - plum_chatbot.webserver.lifespan - INFO - Starting up the webserver...
2025-07-09 17:13:09,641 - plum_chatbot.webserver.agent - ERROR - An exception occurred: 404: Chat session not found or not provided.
2025-07-09 17:14:07,478 - plum_chatbot.webserver.agent - ERROR - An exception occurred: 404: Chat session not found or not provided.
2025-07-09 17:14:25,169 - httpx - INFO - HTTP Request: POST http://host.docker.internal:11434/api/chat "HTTP/1.1 200 OK"
2025-07-09 17:14:25,238 - httpx - INFO - HTTP Request: POST http://host.docker.internal:11434/api/embed "HTTP/1.1 200 OK"
2025-07-09 17:14:25,256 - httpx - INFO - HTTP Request: POST http://plum_database:6333/collections/FAQ2/points/query "HTTP/1.1 200 OK"
2025-07-09 17:14:25,999 - httpx - INFO - HTTP Request: POST http://host.docker.internal:11434/api/chat "HTTP/1.1 200 OK"
2025-07-21 14:14:50,905 - plum_chatbot.webserver.lifespan - INFO - Initializing dependencies...
2025-07-21 14:14:50,962 - httpx - INFO - HTTP Request: GET http://plum_database:6333 "HTTP/1.1 200 OK"
2025-07-21 14:14:50,966 - httpx - INFO - HTTP Request: GET http://plum_database:6333/collections/FAQ2 "HTTP/1.1 200 OK"
2025-07-21 14:14:52,592 - httpx - INFO - HTTP Request: POST http://host.docker.internal:11434/api/embed "HTTP/1.1 200 OK"
2025-07-21 14:14:52,593 - plum_chatbot.datasources.qdrant_datasource - INFO - Qdrant client initialized successfully.
2025-07-21 14:14:52,733 - plum_chatbot.datasources.postgres_datasource - INFO - PostgreSQL client initialized successfully.
2025-07-21 14:14:52,733 - plum_chatbot.webserver.lifespan - INFO - All dependencies initialized successfully.
2025-07-21 14:14:52,733 - plum_chatbot.webserver.lifespan - INFO - Starting up the webserver...
2025-07-21 14:43:14,863 - plum_chatbot.webserver.lifespan - INFO - Cleaning up dependencies...
2025-07-21 14:43:14,864 - plum_chatbot.datasources.qdrant_datasource - INFO - Qdrant client shut down successfully.
2025-07-21 14:43:14,865 - plum_chatbot.datasources.postgres_datasource - INFO - PostgreSQL client shut down successfully.
2025-07-21 14:43:14,866 - plum_chatbot.webserver.lifespan - INFO - All dependencies cleaned up successfully.
2025-07-21 14:43:14,867 - plum_chatbot.webserver.lifespan - INFO - Shutting down the webserver...
2025-07-21 14:43:19,446 - plum_chatbot.webserver.lifespan - INFO - Initializing dependencies...
2025-07-21 14:43:19,496 - httpx - INFO - HTTP Request: GET http://plum_database:6333 "HTTP/1.1 200 OK"
2025-07-21 14:43:19,499 - httpx - INFO - HTTP Request: GET http://plum_database:6333/collections/FAQ2 "HTTP/1.1 200 OK"
2025-07-21 14:43:21,123 - httpx - INFO - HTTP Request: POST http://host.docker.internal:11434/api/embed "HTTP/1.1 200 OK"
2025-07-21 14:43:21,126 - plum_chatbot.datasources.qdrant_datasource - INFO - Qdrant client initialized successfully.
2025-07-21 14:43:21,267 - plum_chatbot.datasources.postgres_datasource - INFO - PostgreSQL client initialized successfully.
2025-07-21 14:43:21,267 - plum_chatbot.webserver.lifespan - INFO - All dependencies initialized successfully.
2025-07-21 14:43:21,267 - plum_chatbot.webserver.lifespan - INFO - Starting up the webserver...
2025-07-21 14:43:23,815 - plum_chatbot.webserver.lifespan - INFO - Cleaning up dependencies...
2025-07-21 14:43:23,816 - plum_chatbot.datasources.qdrant_datasource - INFO - Qdrant client shut down successfully.
2025-07-21 14:43:23,816 - plum_chatbot.datasources.postgres_datasource - INFO - PostgreSQL client shut down successfully.
2025-07-21 14:43:23,816 - plum_chatbot.webserver.lifespan - INFO - All dependencies cleaned up successfully.
2025-07-21 14:43:23,817 - plum_chatbot.webserver.lifespan - INFO - Shutting down the webserver...
2025-07-21 14:43:27,873 - plum_chatbot.webserver.lifespan - INFO - Initializing dependencies...
2025-07-21 14:43:27,921 - httpx - INFO - HTTP Request: GET http://plum_database:6333 "HTTP/1.1 200 OK"
2025-07-21 14:43:27,922 - httpx - INFO - HTTP Request: GET http://plum_database:6333/collections/FAQ2 "HTTP/1.1 200 OK"
2025-07-21 14:43:28,060 - httpx - INFO - HTTP Request: POST http://host.docker.internal:11434/api/embed "HTTP/1.1 200 OK"
2025-07-21 14:43:28,061 - plum_chatbot.datasources.qdrant_datasource - INFO - Qdrant client initialized successfully.
2025-07-21 14:43:28,146 - plum_chatbot.datasources.postgres_datasource - INFO - PostgreSQL client initialized successfully.
2025-07-21 14:43:28,146 - plum_chatbot.webserver.lifespan - INFO - All dependencies initialized successfully.
2025-07-21 14:43:28,146 - plum_chatbot.webserver.lifespan - INFO - Starting up the webserver...
2025-07-21 14:43:32,539 - plum_chatbot.webserver.lifespan - INFO - Initializing dependencies...
2025-07-21 14:43:32,590 - httpx - INFO - HTTP Request: GET http://plum_database:6333 "HTTP/1.1 200 OK"
2025-07-21 14:43:32,592 - httpx - INFO - HTTP Request: GET http://plum_database:6333/collections/FAQ2 "HTTP/1.1 200 OK"
2025-07-21 14:43:32,731 - httpx - INFO - HTTP Request: POST http://host.docker.internal:11434/api/embed "HTTP/1.1 200 OK"
2025-07-21 14:43:32,732 - plum_chatbot.datasources.qdrant_datasource - INFO - Qdrant client initialized successfully.
2025-07-21 14:43:32,807 - plum_chatbot.datasources.postgres_datasource - INFO - PostgreSQL client initialized successfully.
2025-07-21 14:43:32,807 - plum_chatbot.webserver.lifespan - INFO - All dependencies initialized successfully.
2025-07-21 14:43:32,807 - plum_chatbot.webserver.lifespan - INFO - Starting up the webserver...
2025-07-21 14:43:33,929 - plum_chatbot.webserver.lifespan - INFO - Cleaning up dependencies...
2025-07-21 14:43:33,931 - plum_chatbot.datasources.qdrant_datasource - INFO - Qdrant client shut down successfully.
2025-07-21 14:43:33,933 - plum_chatbot.datasources.postgres_datasource - INFO - PostgreSQL client shut down successfully.
2025-07-21 14:43:33,934 - plum_chatbot.webserver.lifespan - INFO - All dependencies cleaned up successfully.
2025-07-21 14:43:33,936 - plum_chatbot.webserver.lifespan - INFO - Shutting down the webserver...
2025-07-21 14:43:37,848 - plum_chatbot.webserver.lifespan - INFO - Initializing dependencies...
2025-07-21 14:43:37,896 - httpx - INFO - HTTP Request: GET http://plum_database:6333 "HTTP/1.1 200 OK"
2025-07-21 14:43:37,898 - httpx - INFO - HTTP Request: GET http://plum_database:6333/collections/FAQ2 "HTTP/1.1 200 OK"
2025-07-21 14:43:38,033 - httpx - INFO - HTTP Request: POST http://host.docker.internal:11434/api/embed "HTTP/1.1 200 OK"
2025-07-21 14:43:38,034 - plum_chatbot.datasources.qdrant_datasource - INFO - Qdrant client initialized successfully.
2025-07-21 14:43:38,125 - plum_chatbot.datasources.postgres_datasource - INFO - PostgreSQL client initialized successfully.
2025-07-21 14:43:38,126 - plum_chatbot.webserver.lifespan - INFO - All dependencies initialized successfully.
2025-07-21 14:43:38,126 - plum_chatbot.webserver.lifespan - INFO - Starting up the webserver...
2025-07-21 14:43:42,294 - plum_chatbot.webserver.lifespan - INFO - Initializing dependencies...
2025-07-21 14:43:42,350 - httpx - INFO - HTTP Request: GET http://plum_database:6333 "HTTP/1.1 200 OK"
2025-07-21 14:43:42,352 - httpx - INFO - HTTP Request: GET http://plum_database:6333/collections/FAQ2 "HTTP/1.1 200 OK"
2025-07-21 14:43:42,498 - httpx - INFO - HTTP Request: POST http://host.docker.internal:11434/api/embed "HTTP/1.1 200 OK"
2025-07-21 14:43:42,499 - plum_chatbot.datasources.qdrant_datasource - INFO - Qdrant client initialized successfully.
2025-07-21 14:43:42,585 - plum_chatbot.datasources.postgres_datasource - INFO - PostgreSQL client initialized successfully.
2025-07-21 14:43:42,586 - plum_chatbot.webserver.lifespan - INFO - All dependencies initialized successfully.
2025-07-21 14:43:42,586 - plum_chatbot.webserver.lifespan - INFO - Starting up the webserver...
2025-07-21 14:43:44,613 - plum_chatbot.webserver.lifespan - INFO - Cleaning up dependencies...
2025-07-21 14:43:44,614 - plum_chatbot.datasources.qdrant_datasource - INFO - Qdrant client shut down successfully.
2025-07-21 14:43:44,615 - plum_chatbot.datasources.postgres_datasource - INFO - PostgreSQL client shut down successfully.
2025-07-21 14:43:44,615 - plum_chatbot.webserver.lifespan - INFO - All dependencies cleaned up successfully.
2025-07-21 14:43:44,615 - plum_chatbot.webserver.lifespan - INFO - Shutting down the webserver...
2025-07-21 14:43:48,617 - plum_chatbot.webserver.lifespan - INFO - Initializing dependencies...
2025-07-21 14:43:48,669 - httpx - INFO - HTTP Request: GET http://plum_database:6333 "HTTP/1.1 200 OK"
2025-07-21 14:43:48,672 - httpx - INFO - HTTP Request: GET http://plum_database:6333/collections/FAQ2 "HTTP/1.1 200 OK"
2025-07-21 14:43:48,816 - httpx - INFO - HTTP Request: POST http://host.docker.internal:11434/api/embed "HTTP/1.1 200 OK"
2025-07-21 14:43:48,817 - plum_chatbot.datasources.qdrant_datasource - INFO - Qdrant client initialized successfully.
2025-07-21 14:43:48,901 - plum_chatbot.datasources.postgres_datasource - INFO - PostgreSQL client initialized successfully.
2025-07-21 14:43:48,901 - plum_chatbot.webserver.lifespan - INFO - All dependencies initialized successfully.
2025-07-21 14:43:48,901 - plum_chatbot.webserver.lifespan - INFO - Starting up the webserver...
2025-07-21 14:43:53,199 - plum_chatbot.webserver.lifespan - INFO - Initializing dependencies...
2025-07-21 14:43:53,267 - httpx - INFO - HTTP Request: GET http://plum_database:6333 "HTTP/1.1 200 OK"
2025-07-21 14:43:53,268 - httpx - INFO - HTTP Request: GET http://plum_database:6333/collections/FAQ2 "HTTP/1.1 200 OK"
2025-07-21 14:43:53,410 - httpx - INFO - HTTP Request: POST http://host.docker.internal:11434/api/embed "HTTP/1.1 200 OK"
2025-07-21 14:43:53,411 - plum_chatbot.datasources.qdrant_datasource - INFO - Qdrant client initialized successfully.
2025-07-21 14:43:53,501 - plum_chatbot.datasources.postgres_datasource - INFO - PostgreSQL client initialized successfully.
2025-07-21 14:43:53,501 - plum_chatbot.webserver.lifespan - INFO - All dependencies initialized successfully.
2025-07-21 14:43:53,501 - plum_chatbot.webserver.lifespan - INFO - Starting up the webserver...
2025-07-21 14:43:57,469 - plum_chatbot.webserver.lifespan - INFO - Initializing dependencies...
2025-07-21 14:43:57,519 - httpx - INFO - HTTP Request: GET http://plum_database:6333 "HTTP/1.1 200 OK"
2025-07-21 14:43:57,521 - httpx - INFO - HTTP Request: GET http://plum_database:6333/collections/FAQ2 "HTTP/1.1 200 OK"
2025-07-21 14:43:57,654 - httpx - INFO - HTTP Request: POST http://host.docker.internal:11434/api/embed "HTTP/1.1 200 OK"
2025-07-21 14:43:57,655 - plum_chatbot.datasources.qdrant_datasource - INFO - Qdrant client initialized successfully.
2025-07-21 14:43:57,741 - plum_chatbot.datasources.postgres_datasource - INFO - PostgreSQL client initialized successfully.
2025-07-21 14:43:57,741 - plum_chatbot.webserver.lifespan - INFO - All dependencies initialized successfully.
2025-07-21 14:43:57,741 - plum_chatbot.webserver.lifespan - INFO - Starting up the webserver...
2025-07-21 14:44:00,497 - plum_chatbot.webserver.lifespan - INFO - Cleaning up dependencies...
2025-07-21 14:44:00,498 - plum_chatbot.datasources.qdrant_datasource - INFO - Qdrant client shut down successfully.
2025-07-21 14:44:00,499 - plum_chatbot.datasources.postgres_datasource - INFO - PostgreSQL client shut down successfully.
2025-07-21 14:44:00,499 - plum_chatbot.webserver.lifespan - INFO - All dependencies cleaned up successfully.
2025-07-21 14:44:00,499 - plum_chatbot.webserver.lifespan - INFO - Shutting down the webserver...
2025-07-21 14:44:04,652 - plum_chatbot.webserver.lifespan - INFO - Initializing dependencies...
2025-07-21 14:44:04,702 - httpx - INFO - HTTP Request: GET http://plum_database:6333 "HTTP/1.1 200 OK"
2025-07-21 14:44:04,704 - httpx - INFO - HTTP Request: GET http://plum_database:6333/collections/FAQ2 "HTTP/1.1 200 OK"
2025-07-21 14:44:04,851 - httpx - INFO - HTTP Request: POST http://host.docker.internal:11434/api/embed "HTTP/1.1 200 OK"
2025-07-21 14:44:04,852 - plum_chatbot.datasources.qdrant_datasource - INFO - Qdrant client initialized successfully.
2025-07-21 14:44:04,952 - plum_chatbot.datasources.postgres_datasource - INFO - PostgreSQL client initialized successfully.
2025-07-21 14:44:04,952 - plum_chatbot.webserver.lifespan - INFO - All dependencies initialized successfully.
2025-07-21 14:44:04,952 - plum_chatbot.webserver.lifespan - INFO - Starting up the webserver...
2025-07-21 14:44:14,526 - plum_chatbot.webserver.lifespan - INFO - Cleaning up dependencies...
2025-07-21 14:44:14,527 - plum_chatbot.datasources.qdrant_datasource - INFO - Qdrant client shut down successfully.
2025-07-21 14:44:14,528 - plum_chatbot.datasources.postgres_datasource - INFO - PostgreSQL client shut down successfully.
2025-07-21 14:44:14,528 - plum_chatbot.webserver.lifespan - INFO - All dependencies cleaned up successfully.
2025-07-21 14:44:14,528 - plum_chatbot.webserver.lifespan - INFO - Shutting down the webserver...
2025-07-21 14:44:18,601 - plum_chatbot.webserver.lifespan - INFO - Initializing dependencies...
2025-07-21 14:44:18,652 - httpx - INFO - HTTP Request: GET http://plum_database:6333 "HTTP/1.1 200 OK"
2025-07-21 14:44:18,654 - httpx - INFO - HTTP Request: GET http://plum_database:6333/collections/FAQ2 "HTTP/1.1 200 OK"
2025-07-21 14:44:18,789 - httpx - INFO - HTTP Request: POST http://host.docker.internal:11434/api/embed "HTTP/1.1 200 OK"
2025-07-21 14:44:18,790 - plum_chatbot.datasources.qdrant_datasource - INFO - Qdrant client initialized successfully.
2025-07-21 14:44:18,874 - plum_chatbot.datasources.postgres_datasource - INFO - PostgreSQL client initialized successfully.
2025-07-21 14:44:18,874 - plum_chatbot.webserver.lifespan - INFO - All dependencies initialized successfully.
2025-07-21 14:44:18,874 - plum_chatbot.webserver.lifespan - INFO - Starting up the webserver...
2025-07-21 14:44:23,034 - plum_chatbot.webserver.lifespan - INFO - Initializing dependencies...
2025-07-21 14:44:23,085 - httpx - INFO - HTTP Request: GET http://plum_database:6333 "HTTP/1.1 200 OK"
2025-07-21 14:44:23,087 - httpx - INFO - HTTP Request: GET http://plum_database:6333/collections/FAQ2 "HTTP/1.1 200 OK"
2025-07-21 14:44:23,231 - httpx - INFO - HTTP Request: POST http://host.docker.internal:11434/api/embed "HTTP/1.1 200 OK"
2025-07-21 14:44:23,232 - plum_chatbot.datasources.qdrant_datasource - INFO - Qdrant client initialized successfully.
2025-07-21 14:44:23,308 - plum_chatbot.datasources.postgres_datasource - INFO - PostgreSQL client initialized successfully.
2025-07-21 14:44:23,308 - plum_chatbot.webserver.lifespan - INFO - All dependencies initialized successfully.
2025-07-21 14:44:23,309 - plum_chatbot.webserver.lifespan - INFO - Starting up the webserver...
2025-07-21 14:44:27,704 - plum_chatbot.webserver.lifespan - INFO - Initializing dependencies...
2025-07-21 14:44:27,753 - httpx - INFO - HTTP Request: GET http://plum_database:6333 "HTTP/1.1 200 OK"
2025-07-21 14:44:27,755 - httpx - INFO - HTTP Request: GET http://plum_database:6333/collections/FAQ2 "HTTP/1.1 200 OK"
2025-07-21 14:44:27,901 - httpx - INFO - HTTP Request: POST http://host.docker.internal:11434/api/embed "HTTP/1.1 200 OK"
2025-07-21 14:44:27,902 - plum_chatbot.datasources.qdrant_datasource - INFO - Qdrant client initialized successfully.
2025-07-21 14:44:27,993 - plum_chatbot.datasources.postgres_datasource - INFO - PostgreSQL client initialized successfully.
2025-07-21 14:44:27,993 - plum_chatbot.webserver.lifespan - INFO - All dependencies initialized successfully.
2025-07-21 14:44:27,993 - plum_chatbot.webserver.lifespan - INFO - Starting up the webserver...
2025-07-21 14:44:32,070 - plum_chatbot.webserver.lifespan - INFO - Initializing dependencies...
2025-07-21 14:44:32,122 - httpx - INFO - HTTP Request: GET http://plum_database:6333 "HTTP/1.1 200 OK"
2025-07-21 14:44:32,124 - httpx - INFO - HTTP Request: GET http://plum_database:6333/collections/FAQ2 "HTTP/1.1 200 OK"
2025-07-21 14:44:32,260 - httpx - INFO - HTTP Request: POST http://host.docker.internal:11434/api/embed "HTTP/1.1 200 OK"
2025-07-21 14:44:32,261 - plum_chatbot.datasources.qdrant_datasource - INFO - Qdrant client initialized successfully.
2025-07-21 14:44:32,346 - plum_chatbot.datasources.postgres_datasource - INFO - PostgreSQL client initialized successfully.
2025-07-21 14:44:32,347 - plum_chatbot.webserver.lifespan - INFO - All dependencies initialized successfully.
2025-07-21 14:44:32,347 - plum_chatbot.webserver.lifespan - INFO - Starting up the webserver...
2025-07-21 14:44:45,377 - plum_chatbot.webserver.lifespan - INFO - Cleaning up dependencies...
2025-07-21 14:44:45,377 - plum_chatbot.datasources.qdrant_datasource - INFO - Qdrant client shut down successfully.
2025-07-21 14:44:45,378 - plum_chatbot.datasources.postgres_datasource - INFO - PostgreSQL client shut down successfully.
2025-07-21 14:44:45,378 - plum_chatbot.webserver.lifespan - INFO - All dependencies cleaned up successfully.
2025-07-21 14:44:45,379 - plum_chatbot.webserver.lifespan - INFO - Shutting down the webserver...
2025-07-21 14:44:49,446 - plum_chatbot.webserver.lifespan - INFO - Initializing dependencies...
2025-07-21 14:44:49,497 - httpx - INFO - HTTP Request: GET http://plum_database:6333 "HTTP/1.1 200 OK"
2025-07-21 14:44:49,498 - httpx - INFO - HTTP Request: GET http://plum_database:6333/collections/FAQ2 "HTTP/1.1 200 OK"
2025-07-21 14:44:49,635 - httpx - INFO - HTTP Request: POST http://host.docker.internal:11434/api/embed "HTTP/1.1 200 OK"
2025-07-21 14:44:49,636 - plum_chatbot.datasources.qdrant_datasource - INFO - Qdrant client initialized successfully.
2025-07-21 14:44:49,709 - plum_chatbot.datasources.postgres_datasource - INFO - PostgreSQL client initialized successfully.
2025-07-21 14:44:49,709 - plum_chatbot.webserver.lifespan - INFO - All dependencies initialized successfully.
2025-07-21 14:44:49,709 - plum_chatbot.webserver.lifespan - INFO - Starting up the webserver...
2025-07-21 14:44:53,763 - plum_chatbot.webserver.lifespan - INFO - Initializing dependencies...
2025-07-21 14:44:53,811 - httpx - INFO - HTTP Request: GET http://plum_database:6333 "HTTP/1.1 200 OK"
2025-07-21 14:44:53,813 - httpx - INFO - HTTP Request: GET http://plum_database:6333/collections/FAQ2 "HTTP/1.1 200 OK"
2025-07-21 14:44:53,951 - httpx - INFO - HTTP Request: POST http://host.docker.internal:11434/api/embed "HTTP/1.1 200 OK"
2025-07-21 14:44:53,952 - plum_chatbot.datasources.qdrant_datasource - INFO - Qdrant client initialized successfully.
2025-07-21 14:44:54,037 - plum_chatbot.datasources.postgres_datasource - INFO - PostgreSQL client initialized successfully.
2025-07-21 14:44:54,037 - plum_chatbot.webserver.lifespan - INFO - All dependencies initialized successfully.
2025-07-21 14:44:54,037 - plum_chatbot.webserver.lifespan - INFO - Starting up the webserver...
2025-07-21 14:44:58,159 - plum_chatbot.webserver.lifespan - INFO - Initializing dependencies...
2025-07-21 14:44:58,209 - httpx - INFO - HTTP Request: GET http://plum_database:6333 "HTTP/1.1 200 OK"
2025-07-21 14:44:58,210 - httpx - INFO - HTTP Request: GET http://plum_database:6333/collections/FAQ2 "HTTP/1.1 200 OK"
2025-07-21 14:44:58,368 - httpx - INFO - HTTP Request: POST http://host.docker.internal:11434/api/embed "HTTP/1.1 200 OK"
2025-07-21 14:44:58,369 - plum_chatbot.datasources.qdrant_datasource - INFO - Qdrant client initialized successfully.
2025-07-21 14:44:58,463 - plum_chatbot.datasources.postgres_datasource - INFO - PostgreSQL client initialized successfully.
2025-07-21 14:44:58,464 - plum_chatbot.webserver.lifespan - INFO - All dependencies initialized successfully.
2025-07-21 14:44:58,464 - plum_chatbot.webserver.lifespan - INFO - Starting up the webserver...
2025-07-21 14:45:02,398 - plum_chatbot.webserver.lifespan - INFO - Initializing dependencies...
2025-07-21 14:45:02,450 - httpx - INFO - HTTP Request: GET http://plum_database:6333 "HTTP/1.1 200 OK"
2025-07-21 14:45:02,452 - httpx - INFO - HTTP Request: GET http://plum_database:6333/collections/FAQ2 "HTTP/1.1 200 OK"
2025-07-21 14:45:02,586 - httpx - INFO - HTTP Request: POST http://host.docker.internal:11434/api/embed "HTTP/1.1 200 OK"
2025-07-21 14:45:02,587 - plum_chatbot.datasources.qdrant_datasource - INFO - Qdrant client initialized successfully.
2025-07-21 14:45:02,672 - plum_chatbot.datasources.postgres_datasource - INFO - PostgreSQL client initialized successfully.
2025-07-21 14:45:02,672 - plum_chatbot.webserver.lifespan - INFO - All dependencies initialized successfully.
2025-07-21 14:45:02,672 - plum_chatbot.webserver.lifespan - INFO - Starting up the webserver...
2025-07-21 14:45:12,570 - plum_chatbot.webserver.lifespan - INFO - Cleaning up dependencies...
2025-07-21 14:45:12,571 - plum_chatbot.datasources.qdrant_datasource - INFO - Qdrant client shut down successfully.
2025-07-21 14:45:12,571 - plum_chatbot.datasources.postgres_datasource - INFO - PostgreSQL client shut down successfully.
2025-07-21 14:45:12,572 - plum_chatbot.webserver.lifespan - INFO - All dependencies cleaned up successfully.
2025-07-21 14:45:12,572 - plum_chatbot.webserver.lifespan - INFO - Shutting down the webserver...
2025-07-21 14:45:16,634 - plum_chatbot.webserver.lifespan - INFO - Initializing dependencies...
2025-07-21 14:45:16,684 - httpx - INFO - HTTP Request: GET http://plum_database:6333 "HTTP/1.1 200 OK"
2025-07-21 14:45:16,686 - httpx - INFO - HTTP Request: GET http://plum_database:6333/collections/FAQ2 "HTTP/1.1 200 OK"
2025-07-21 14:45:16,814 - httpx - INFO - HTTP Request: POST http://host.docker.internal:11434/api/embed "HTTP/1.1 200 OK"
2025-07-21 14:45:16,815 - plum_chatbot.datasources.qdrant_datasource - INFO - Qdrant client initialized successfully.
2025-07-21 14:45:16,904 - plum_chatbot.datasources.postgres_datasource - INFO - PostgreSQL client initialized successfully.
2025-07-21 14:45:16,904 - plum_chatbot.webserver.lifespan - INFO - All dependencies initialized successfully.
2025-07-21 14:45:16,904 - plum_chatbot.webserver.lifespan - INFO - Starting up the webserver...
2025-07-21 14:45:17,616 - plum_chatbot.webserver.lifespan - INFO - Cleaning up dependencies...
2025-07-21 14:45:17,619 - plum_chatbot.datasources.qdrant_datasource - INFO - Qdrant client shut down successfully.
2025-07-21 14:45:17,622 - plum_chatbot.datasources.postgres_datasource - INFO - PostgreSQL client shut down successfully.
2025-07-21 14:45:17,623 - plum_chatbot.webserver.lifespan - INFO - All dependencies cleaned up successfully.
2025-07-21 14:45:17,624 - plum_chatbot.webserver.lifespan - INFO - Shutting down the webserver...
2025-07-21 14:45:22,032 - plum_chatbot.webserver.lifespan - INFO - Initializing dependencies...
2025-07-21 14:45:22,080 - httpx - INFO - HTTP Request: GET http://plum_database:6333 "HTTP/1.1 200 OK"
2025-07-21 14:45:22,082 - httpx - INFO - HTTP Request: GET http://plum_database:6333/collections/FAQ2 "HTTP/1.1 200 OK"
2025-07-21 14:45:22,215 - httpx - INFO - HTTP Request: POST http://host.docker.internal:11434/api/embed "HTTP/1.1 200 OK"
2025-07-21 14:45:22,216 - plum_chatbot.datasources.qdrant_datasource - INFO - Qdrant client initialized successfully.
2025-07-21 14:45:22,294 - plum_chatbot.datasources.postgres_datasource - INFO - PostgreSQL client initialized successfully.
2025-07-21 14:45:22,294 - plum_chatbot.webserver.lifespan - INFO - All dependencies initialized successfully.
2025-07-21 14:45:22,294 - plum_chatbot.webserver.lifespan - INFO - Starting up the webserver...
2025-07-21 14:45:30,345 - plum_chatbot.webserver.lifespan - INFO - Cleaning up dependencies...
2025-07-21 14:45:30,345 - plum_chatbot.datasources.qdrant_datasource - INFO - Qdrant client shut down successfully.
2025-07-21 14:45:30,346 - plum_chatbot.datasources.postgres_datasource - INFO - PostgreSQL client shut down successfully.
2025-07-21 14:45:30,346 - plum_chatbot.webserver.lifespan - INFO - All dependencies cleaned up successfully.
2025-07-21 14:45:30,346 - plum_chatbot.webserver.lifespan - INFO - Shutting down the webserver...
2025-07-21 14:45:34,498 - plum_chatbot.webserver.lifespan - INFO - Initializing dependencies...
2025-07-21 14:45:34,549 - httpx - INFO - HTTP Request: GET http://plum_database:6333 "HTTP/1.1 200 OK"
2025-07-21 14:45:34,550 - httpx - INFO - HTTP Request: GET http://plum_database:6333/collections/FAQ2 "HTTP/1.1 200 OK"
2025-07-21 14:45:34,686 - httpx - INFO - HTTP Request: POST http://host.docker.internal:11434/api/embed "HTTP/1.1 200 OK"
2025-07-21 14:45:34,687 - plum_chatbot.datasources.qdrant_datasource - INFO - Qdrant client initialized successfully.
2025-07-21 14:45:34,780 - plum_chatbot.datasources.postgres_datasource - INFO - PostgreSQL client initialized successfully.
2025-07-21 14:45:34,780 - plum_chatbot.webserver.lifespan - INFO - All dependencies initialized successfully.
2025-07-21 14:45:34,780 - plum_chatbot.webserver.lifespan - INFO - Starting up the webserver...
2025-07-21 14:45:38,796 - plum_chatbot.webserver.lifespan - INFO - Initializing dependencies...
2025-07-21 14:45:38,845 - httpx - INFO - HTTP Request: GET http://plum_database:6333 "HTTP/1.1 200 OK"
2025-07-21 14:45:38,847 - httpx - INFO - HTTP Request: GET http://plum_database:6333/collections/FAQ2 "HTTP/1.1 200 OK"
2025-07-21 14:45:38,991 - httpx - INFO - HTTP Request: POST http://host.docker.internal:11434/api/embed "HTTP/1.1 200 OK"
2025-07-21 14:45:38,992 - plum_chatbot.datasources.qdrant_datasource - INFO - Qdrant client initialized successfully.
2025-07-21 14:45:39,077 - plum_chatbot.datasources.postgres_datasource - INFO - PostgreSQL client initialized successfully.
2025-07-21 14:45:39,077 - plum_chatbot.webserver.lifespan - INFO - All dependencies initialized successfully.
2025-07-21 14:45:39,077 - plum_chatbot.webserver.lifespan - INFO - Starting up the webserver...
2025-07-21 14:45:43,566 - plum_chatbot.webserver.lifespan - INFO - Initializing dependencies...
2025-07-21 14:45:43,619 - httpx - INFO - HTTP Request: GET http://plum_database:6333 "HTTP/1.1 200 OK"
2025-07-21 14:45:43,620 - httpx - INFO - HTTP Request: GET http://plum_database:6333/collections/FAQ2 "HTTP/1.1 200 OK"
2025-07-21 14:45:43,754 - httpx - INFO - HTTP Request: POST http://host.docker.internal:11434/api/embed "HTTP/1.1 200 OK"
2025-07-21 14:45:43,755 - plum_chatbot.datasources.qdrant_datasource - INFO - Qdrant client initialized successfully.
2025-07-21 14:45:43,840 - plum_chatbot.datasources.postgres_datasource - INFO - PostgreSQL client initialized successfully.
2025-07-21 14:45:43,840 - plum_chatbot.webserver.lifespan - INFO - All dependencies initialized successfully.
2025-07-21 14:45:43,840 - plum_chatbot.webserver.lifespan - INFO - Starting up the webserver...
2025-07-21 14:45:48,006 - plum_chatbot.webserver.lifespan - INFO - Initializing dependencies...
2025-07-21 14:45:48,058 - httpx - INFO - HTTP Request: GET http://plum_database:6333 "HTTP/1.1 200 OK"
2025-07-21 14:45:48,059 - httpx - INFO - HTTP Request: GET http://plum_database:6333/collections/FAQ2 "HTTP/1.1 200 OK"
2025-07-21 14:45:48,215 - httpx - INFO - HTTP Request: POST http://host.docker.internal:11434/api/embed "HTTP/1.1 200 OK"
2025-07-21 14:45:48,216 - plum_chatbot.datasources.qdrant_datasource - INFO - Qdrant client initialized successfully.
2025-07-21 14:45:48,295 - plum_chatbot.datasources.postgres_datasource - INFO - PostgreSQL client initialized successfully.
2025-07-21 14:45:48,295 - plum_chatbot.webserver.lifespan - INFO - All dependencies initialized successfully.
2025-07-21 14:45:48,295 - plum_chatbot.webserver.lifespan - INFO - Starting up the webserver...
2025-07-21 14:45:50,028 - plum_chatbot.webserver.lifespan - INFO - Cleaning up dependencies...
2025-07-21 14:45:50,028 - plum_chatbot.datasources.qdrant_datasource - INFO - Qdrant client shut down successfully.
2025-07-21 14:45:50,029 - plum_chatbot.datasources.postgres_datasource - INFO - PostgreSQL client shut down successfully.
2025-07-21 14:45:50,029 - plum_chatbot.webserver.lifespan - INFO - All dependencies cleaned up successfully.
2025-07-21 14:45:50,029 - plum_chatbot.webserver.lifespan - INFO - Shutting down the webserver...
2025-07-21 14:45:54,085 - plum_chatbot.webserver.lifespan - INFO - Initializing dependencies...
2025-07-21 14:45:54,135 - httpx - INFO - HTTP Request: GET http://plum_database:6333 "HTTP/1.1 200 OK"
2025-07-21 14:45:54,137 - httpx - INFO - HTTP Request: GET http://plum_database:6333/collections/FAQ2 "HTTP/1.1 200 OK"
2025-07-21 14:45:54,274 - httpx - INFO - HTTP Request: POST http://host.docker.internal:11434/api/embed "HTTP/1.1 200 OK"
2025-07-21 14:45:54,275 - plum_chatbot.datasources.qdrant_datasource - INFO - Qdrant client initialized successfully.
2025-07-21 14:45:54,363 - plum_chatbot.datasources.postgres_datasource - INFO - PostgreSQL client initialized successfully.
2025-07-21 14:45:54,363 - plum_chatbot.webserver.lifespan - INFO - All dependencies initialized successfully.
2025-07-21 14:45:54,363 - plum_chatbot.webserver.lifespan - INFO - Starting up the webserver...
2025-07-21 14:45:58,491 - plum_chatbot.webserver.lifespan - INFO - Initializing dependencies...
2025-07-21 14:45:58,544 - httpx - INFO - HTTP Request: GET http://plum_database:6333 "HTTP/1.1 200 OK"
2025-07-21 14:45:58,546 - httpx - INFO - HTTP Request: GET http://plum_database:6333/collections/FAQ2 "HTTP/1.1 200 OK"
2025-07-21 14:45:58,690 - httpx - INFO - HTTP Request: POST http://host.docker.internal:11434/api/embed "HTTP/1.1 200 OK"
2025-07-21 14:45:58,691 - plum_chatbot.datasources.qdrant_datasource - INFO - Qdrant client initialized successfully.
2025-07-21 14:45:58,781 - plum_chatbot.datasources.postgres_datasource - INFO - PostgreSQL client initialized successfully.
2025-07-21 14:45:58,781 - plum_chatbot.webserver.lifespan - INFO - All dependencies initialized successfully.
2025-07-21 14:45:58,781 - plum_chatbot.webserver.lifespan - INFO - Starting up the webserver...
2025-07-21 14:46:03,349 - plum_chatbot.webserver.lifespan - INFO - Initializing dependencies...
2025-07-21 14:46:03,400 - httpx - INFO - HTTP Request: GET http://plum_database:6333 "HTTP/1.1 200 OK"
2025-07-21 14:46:03,401 - httpx - INFO - HTTP Request: GET http://plum_database:6333/collections/FAQ2 "HTTP/1.1 200 OK"
2025-07-21 14:46:03,552 - httpx - INFO - HTTP Request: POST http://host.docker.internal:11434/api/embed "HTTP/1.1 200 OK"
2025-07-21 14:46:03,553 - plum_chatbot.datasources.qdrant_datasource - INFO - Qdrant client initialized successfully.
2025-07-21 14:46:03,641 - plum_chatbot.datasources.postgres_datasource - INFO - PostgreSQL client initialized successfully.
2025-07-21 14:46:03,642 - plum_chatbot.webserver.lifespan - INFO - All dependencies initialized successfully.
2025-07-21 14:46:03,642 - plum_chatbot.webserver.lifespan - INFO - Starting up the webserver...
2025-07-21 14:46:07,741 - plum_chatbot.webserver.lifespan - INFO - Initializing dependencies...
2025-07-21 14:46:07,790 - httpx - INFO - HTTP Request: GET http://plum_database:6333 "HTTP/1.1 200 OK"
2025-07-21 14:46:07,792 - httpx - INFO - HTTP Request: GET http://plum_database:6333/collections/FAQ2 "HTTP/1.1 200 OK"
2025-07-21 14:46:07,927 - httpx - INFO - HTTP Request: POST http://host.docker.internal:11434/api/embed "HTTP/1.1 200 OK"
2025-07-21 14:46:07,928 - plum_chatbot.datasources.qdrant_datasource - INFO - Qdrant client initialized successfully.
2025-07-21 14:46:08,015 - plum_chatbot.datasources.postgres_datasource - INFO - PostgreSQL client initialized successfully.
2025-07-21 14:46:08,015 - plum_chatbot.webserver.lifespan - INFO - All dependencies initialized successfully.
2025-07-21 14:46:08,015 - plum_chatbot.webserver.lifespan - INFO - Starting up the webserver...
2025-07-21 14:46:11,966 - plum_chatbot.webserver.lifespan - INFO - Initializing dependencies...
2025-07-21 14:46:12,017 - httpx - INFO - HTTP Request: GET http://plum_database:6333 "HTTP/1.1 200 OK"
2025-07-21 14:46:12,019 - httpx - INFO - HTTP Request: GET http://plum_database:6333/collections/FAQ2 "HTTP/1.1 200 OK"
2025-07-21 14:46:12,160 - httpx - INFO - HTTP Request: POST http://host.docker.internal:11434/api/embed "HTTP/1.1 200 OK"
2025-07-21 14:46:12,161 - plum_chatbot.datasources.qdrant_datasource - INFO - Qdrant client initialized successfully.
2025-07-21 14:46:12,253 - plum_chatbot.datasources.postgres_datasource - INFO - PostgreSQL client initialized successfully.
2025-07-21 14:46:12,253 - plum_chatbot.webserver.lifespan - INFO - All dependencies initialized successfully.
2025-07-21 14:46:12,253 - plum_chatbot.webserver.lifespan - INFO - Starting up the webserver...
2025-07-21 14:46:19,192 - plum_chatbot.webserver.lifespan - INFO - Cleaning up dependencies...
2025-07-21 14:46:19,192 - plum_chatbot.datasources.qdrant_datasource - INFO - Qdrant client shut down successfully.
2025-07-21 14:46:19,193 - plum_chatbot.datasources.postgres_datasource - INFO - PostgreSQL client shut down successfully.
2025-07-21 14:46:19,193 - plum_chatbot.webserver.lifespan - INFO - All dependencies cleaned up successfully.
2025-07-21 14:46:19,193 - plum_chatbot.webserver.lifespan - INFO - Shutting down the webserver...
2025-07-21 14:46:23,294 - plum_chatbot.webserver.lifespan - INFO - Initializing dependencies...
2025-07-21 14:46:23,350 - httpx - INFO - HTTP Request: GET http://plum_database:6333 "HTTP/1.1 200 OK"
2025-07-21 14:46:23,351 - httpx - INFO - HTTP Request: GET http://plum_database:6333/collections/FAQ2 "HTTP/1.1 200 OK"
2025-07-21 14:46:23,486 - httpx - INFO - HTTP Request: POST http://host.docker.internal:11434/api/embed "HTTP/1.1 200 OK"
2025-07-21 14:46:23,487 - plum_chatbot.datasources.qdrant_datasource - INFO - Qdrant client initialized successfully.
2025-07-21 14:46:23,572 - plum_chatbot.datasources.postgres_datasource - INFO - PostgreSQL client initialized successfully.
2025-07-21 14:46:23,572 - plum_chatbot.webserver.lifespan - INFO - All dependencies initialized successfully.
2025-07-21 14:46:23,573 - plum_chatbot.webserver.lifespan - INFO - Starting up the webserver...
2025-07-21 14:46:28,041 - plum_chatbot.webserver.lifespan - INFO - Initializing dependencies...
2025-07-21 14:46:28,094 - httpx - INFO - HTTP Request: GET http://plum_database:6333 "HTTP/1.1 200 OK"
2025-07-21 14:46:28,095 - httpx - INFO - HTTP Request: GET http://plum_database:6333/collections/FAQ2 "HTTP/1.1 200 OK"
2025-07-21 14:46:28,232 - httpx - INFO - HTTP Request: POST http://host.docker.internal:11434/api/embed "HTTP/1.1 200 OK"
2025-07-21 14:46:28,234 - plum_chatbot.datasources.qdrant_datasource - INFO - Qdrant client initialized successfully.
2025-07-21 14:46:28,320 - plum_chatbot.datasources.postgres_datasource - INFO - PostgreSQL client initialized successfully.
2025-07-21 14:46:28,320 - plum_chatbot.webserver.lifespan - INFO - All dependencies initialized successfully.
2025-07-21 14:46:28,320 - plum_chatbot.webserver.lifespan - INFO - Starting up the webserver...
2025-07-21 14:46:32,319 - plum_chatbot.webserver.lifespan - INFO - Initializing dependencies...
2025-07-21 14:46:32,370 - httpx - INFO - HTTP Request: GET http://plum_database:6333 "HTTP/1.1 200 OK"
2025-07-21 14:46:32,371 - httpx - INFO - HTTP Request: GET http://plum_database:6333/collections/FAQ2 "HTTP/1.1 200 OK"
2025-07-21 14:46:32,511 - httpx - INFO - HTTP Request: POST http://host.docker.internal:11434/api/embed "HTTP/1.1 200 OK"
2025-07-21 14:46:32,512 - plum_chatbot.datasources.qdrant_datasource - INFO - Qdrant client initialized successfully.
2025-07-21 14:46:32,595 - plum_chatbot.datasources.postgres_datasource - INFO - PostgreSQL client initialized successfully.
2025-07-21 14:46:32,596 - plum_chatbot.webserver.lifespan - INFO - All dependencies initialized successfully.
2025-07-21 14:46:32,596 - plum_chatbot.webserver.lifespan - INFO - Starting up the webserver...
2025-07-21 14:46:36,172 - plum_chatbot.webserver.lifespan - INFO - Cleaning up dependencies...
2025-07-21 14:46:36,174 - plum_chatbot.datasources.qdrant_datasource - INFO - Qdrant client shut down successfully.
2025-07-21 14:46:36,177 - plum_chatbot.datasources.postgres_datasource - INFO - PostgreSQL client shut down successfully.
2025-07-21 14:46:36,178 - plum_chatbot.webserver.lifespan - INFO - All dependencies cleaned up successfully.
2025-07-21 14:46:36,180 - plum_chatbot.webserver.lifespan - INFO - Shutting down the webserver...
2025-07-21 14:46:40,185 - plum_chatbot.webserver.lifespan - INFO - Initializing dependencies...
2025-07-21 14:46:40,234 - httpx - INFO - HTTP Request: GET http://plum_database:6333 "HTTP/1.1 200 OK"
2025-07-21 14:46:40,235 - httpx - INFO - HTTP Request: GET http://plum_database:6333/collections/FAQ2 "HTTP/1.1 200 OK"
2025-07-21 14:46:40,369 - httpx - INFO - HTTP Request: POST http://host.docker.internal:11434/api/embed "HTTP/1.1 200 OK"
2025-07-21 14:46:40,370 - plum_chatbot.datasources.qdrant_datasource - INFO - Qdrant client initialized successfully.
2025-07-21 14:46:40,467 - plum_chatbot.datasources.postgres_datasource - INFO - PostgreSQL client initialized successfully.
2025-07-21 14:46:40,468 - plum_chatbot.webserver.lifespan - INFO - All dependencies initialized successfully.
2025-07-21 14:46:40,468 - plum_chatbot.webserver.lifespan - INFO - Starting up the webserver...
2025-07-21 14:46:43,619 - plum_chatbot.webserver.lifespan - INFO - Cleaning up dependencies...
2025-07-21 14:46:43,619 - plum_chatbot.datasources.qdrant_datasource - INFO - Qdrant client shut down successfully.
2025-07-21 14:46:43,620 - plum_chatbot.datasources.postgres_datasource - INFO - PostgreSQL client shut down successfully.
2025-07-21 14:46:43,620 - plum_chatbot.webserver.lifespan - INFO - All dependencies cleaned up successfully.
2025-07-21 14:46:43,621 - plum_chatbot.webserver.lifespan - INFO - Shutting down the webserver...
2025-07-21 14:46:47,929 - plum_chatbot.webserver.lifespan - INFO - Initializing dependencies...
2025-07-21 14:46:47,979 - httpx - INFO - HTTP Request: GET http://plum_database:6333 "HTTP/1.1 200 OK"
2025-07-21 14:46:47,980 - httpx - INFO - HTTP Request: GET http://plum_database:6333/collections/FAQ2 "HTTP/1.1 200 OK"
2025-07-21 14:46:48,124 - httpx - INFO - HTTP Request: POST http://host.docker.internal:11434/api/embed "HTTP/1.1 200 OK"
2025-07-21 14:46:48,125 - plum_chatbot.datasources.qdrant_datasource - INFO - Qdrant client initialized successfully.
2025-07-21 14:46:48,206 - plum_chatbot.datasources.postgres_datasource - INFO - PostgreSQL client initialized successfully.
2025-07-21 14:46:48,206 - plum_chatbot.webserver.lifespan - INFO - All dependencies initialized successfully.
2025-07-21 14:46:48,206 - plum_chatbot.webserver.lifespan - INFO - Starting up the webserver...
2025-07-21 14:46:51,046 - plum_chatbot.webserver.lifespan - INFO - Cleaning up dependencies...
2025-07-21 14:46:51,046 - plum_chatbot.datasources.qdrant_datasource - INFO - Qdrant client shut down successfully.
2025-07-21 14:46:51,047 - plum_chatbot.datasources.postgres_datasource - INFO - PostgreSQL client shut down successfully.
2025-07-21 14:46:51,047 - plum_chatbot.webserver.lifespan - INFO - All dependencies cleaned up successfully.
2025-07-21 14:46:51,047 - plum_chatbot.webserver.lifespan - INFO - Shutting down the webserver...
2025-07-21 14:46:55,158 - plum_chatbot.webserver.lifespan - INFO - Initializing dependencies...
2025-07-21 14:46:55,212 - httpx - INFO - HTTP Request: GET http://plum_database:6333 "HTTP/1.1 200 OK"
2025-07-21 14:46:55,213 - httpx - INFO - HTTP Request: GET http://plum_database:6333/collections/FAQ2 "HTTP/1.1 200 OK"
2025-07-21 14:46:55,352 - httpx - INFO - HTTP Request: POST http://host.docker.internal:11434/api/embed "HTTP/1.1 200 OK"
2025-07-21 14:46:55,353 - plum_chatbot.datasources.qdrant_datasource - INFO - Qdrant client initialized successfully.
2025-07-21 14:46:55,450 - plum_chatbot.datasources.postgres_datasource - INFO - PostgreSQL client initialized successfully.
2025-07-21 14:46:55,451 - plum_chatbot.webserver.lifespan - INFO - All dependencies initialized successfully.
2025-07-21 14:46:55,451 - plum_chatbot.webserver.lifespan - INFO - Starting up the webserver...
2025-07-21 14:46:55,754 - plum_chatbot.webserver.lifespan - INFO - Cleaning up dependencies...
2025-07-21 14:46:55,755 - plum_chatbot.datasources.qdrant_datasource - INFO - Qdrant client shut down successfully.
2025-07-21 14:46:55,755 - plum_chatbot.datasources.postgres_datasource - INFO - PostgreSQL client shut down successfully.
2025-07-21 14:46:55,756 - plum_chatbot.webserver.lifespan - INFO - All dependencies cleaned up successfully.
2025-07-21 14:46:55,756 - plum_chatbot.webserver.lifespan - INFO - Shutting down the webserver...
2025-07-21 14:46:59,854 - plum_chatbot.webserver.lifespan - INFO - Initializing dependencies...
2025-07-21 14:46:59,905 - httpx - INFO - HTTP Request: GET http://plum_database:6333 "HTTP/1.1 200 OK"
2025-07-21 14:46:59,906 - httpx - INFO - HTTP Request: GET http://plum_database:6333/collections/FAQ2 "HTTP/1.1 200 OK"
2025-07-21 14:47:00,032 - httpx - INFO - HTTP Request: POST http://host.docker.internal:11434/api/embed "HTTP/1.1 200 OK"
2025-07-21 14:47:00,033 - plum_chatbot.datasources.qdrant_datasource - INFO - Qdrant client initialized successfully.
2025-07-21 14:47:00,112 - plum_chatbot.datasources.postgres_datasource - INFO - PostgreSQL client initialized successfully.
2025-07-21 14:47:00,112 - plum_chatbot.webserver.lifespan - INFO - All dependencies initialized successfully.
2025-07-21 14:47:00,112 - plum_chatbot.webserver.lifespan - INFO - Starting up the webserver...
2025-07-21 16:51:54,365 - plum_chatbot.webserver.lifespan - INFO - Cleaning up dependencies...
2025-07-21 16:51:54,368 - plum_chatbot.datasources.qdrant_datasource - INFO - Qdrant client shut down successfully.
2025-07-21 16:51:54,370 - plum_chatbot.datasources.postgres_datasource - INFO - PostgreSQL client shut down successfully.
2025-07-21 16:51:54,371 - plum_chatbot.webserver.lifespan - INFO - All dependencies cleaned up successfully.
2025-07-21 16:51:54,372 - plum_chatbot.webserver.lifespan - INFO - Shutting down the webserver...
2025-07-21 16:51:58,731 - plum_chatbot.webserver.lifespan - INFO - Initializing dependencies...
2025-07-21 16:51:58,787 - httpx - INFO - HTTP Request: GET http://plum_database:6333 "HTTP/1.1 200 OK"
2025-07-21 16:51:58,789 - httpx - INFO - HTTP Request: GET http://plum_database:6333/collections/FAQ2 "HTTP/1.1 200 OK"
2025-07-21 16:52:00,451 - httpx - INFO - HTTP Request: POST http://host.docker.internal:11434/api/embed "HTTP/1.1 200 OK"
2025-07-21 16:52:00,452 - plum_chatbot.datasources.qdrant_datasource - INFO - Qdrant client initialized successfully.
2025-07-21 16:52:00,553 - plum_chatbot.datasources.postgres_datasource - INFO - PostgreSQL client initialized successfully.
2025-07-21 16:52:00,553 - plum_chatbot.webserver.lifespan - INFO - All dependencies initialized successfully.
2025-07-21 16:52:00,553 - plum_chatbot.webserver.lifespan - INFO - Starting up the webserver...
2025-07-21 17:00:03,111 - plum_chatbot.webserver.lifespan - INFO - Cleaning up dependencies...
2025-07-21 17:00:03,114 - plum_chatbot.datasources.qdrant_datasource - INFO - Qdrant client shut down successfully.
2025-07-21 17:00:03,116 - plum_chatbot.datasources.postgres_datasource - INFO - PostgreSQL client shut down successfully.
2025-07-21 17:00:03,118 - plum_chatbot.webserver.lifespan - INFO - All dependencies cleaned up successfully.
2025-07-21 17:00:03,120 - plum_chatbot.webserver.lifespan - INFO - Shutting down the webserver...
2025-07-21 17:00:07,054 - plum_chatbot.webserver.lifespan - INFO - Initializing dependencies...
2025-07-21 17:00:07,102 - httpx - INFO - HTTP Request: GET http://plum_database:6333 "HTTP/1.1 200 OK"
2025-07-21 17:00:07,103 - httpx - INFO - HTTP Request: GET http://plum_database:6333/collections/FAQ2 "HTTP/1.1 200 OK"
2025-07-21 17:00:08,025 - httpx - INFO - HTTP Request: POST http://host.docker.internal:11434/api/embed "HTTP/1.1 200 OK"
2025-07-21 17:00:08,026 - plum_chatbot.datasources.qdrant_datasource - INFO - Qdrant client initialized successfully.
2025-07-21 17:00:08,117 - plum_chatbot.datasources.postgres_datasource - INFO - PostgreSQL client initialized successfully.
2025-07-21 17:00:08,117 - plum_chatbot.webserver.lifespan - INFO - All dependencies initialized successfully.
2025-07-21 17:00:08,118 - plum_chatbot.webserver.lifespan - INFO - Starting up the webserver...
2025-07-21 17:00:12,086 - plum_chatbot.webserver.lifespan - INFO - Cleaning up dependencies...
2025-07-21 17:00:12,087 - plum_chatbot.datasources.qdrant_datasource - INFO - Qdrant client shut down successfully.
2025-07-21 17:00:12,088 - plum_chatbot.datasources.postgres_datasource - INFO - PostgreSQL client shut down successfully.
2025-07-21 17:00:12,088 - plum_chatbot.webserver.lifespan - INFO - All dependencies cleaned up successfully.
2025-07-21 17:00:12,088 - plum_chatbot.webserver.lifespan - INFO - Shutting down the webserver...
2025-07-21 17:00:15,985 - plum_chatbot.webserver.lifespan - INFO - Initializing dependencies...
2025-07-21 17:00:16,033 - httpx - INFO - HTTP Request: GET http://plum_database:6333 "HTTP/1.1 200 OK"
2025-07-21 17:00:16,035 - httpx - INFO - HTTP Request: GET http://plum_database:6333/collections/FAQ2 "HTTP/1.1 200 OK"
2025-07-21 17:00:16,192 - httpx - INFO - HTTP Request: POST http://host.docker.internal:11434/api/embed "HTTP/1.1 200 OK"
2025-07-21 17:00:16,193 - plum_chatbot.datasources.qdrant_datasource - INFO - Qdrant client initialized successfully.
2025-07-21 17:00:16,286 - plum_chatbot.datasources.postgres_datasource - INFO - PostgreSQL client initialized successfully.
2025-07-21 17:00:16,286 - plum_chatbot.webserver.lifespan - INFO - All dependencies initialized successfully.
2025-07-21 17:00:16,286 - plum_chatbot.webserver.lifespan - INFO - Starting up the webserver...
2025-07-21 17:00:33,721 - plum_chatbot.webserver.lifespan - INFO - Cleaning up dependencies...
2025-07-21 17:00:33,724 - plum_chatbot.datasources.qdrant_datasource - INFO - Qdrant client shut down successfully.
2025-07-21 17:00:33,725 - plum_chatbot.datasources.postgres_datasource - INFO - PostgreSQL client shut down successfully.
2025-07-21 17:00:33,725 - plum_chatbot.webserver.lifespan - INFO - All dependencies cleaned up successfully.
2025-07-21 17:00:33,725 - plum_chatbot.webserver.lifespan - INFO - Shutting down the webserver...
2025-07-21 17:00:38,020 - plum_chatbot.webserver.lifespan - INFO - Initializing dependencies...
2025-07-21 17:00:38,069 - httpx - INFO - HTTP Request: GET http://plum_database:6333 "HTTP/1.1 200 OK"
2025-07-21 17:00:38,072 - httpx - INFO - HTTP Request: GET http://plum_database:6333/collections/FAQ2 "HTTP/1.1 200 OK"
2025-07-21 17:00:38,222 - httpx - INFO - HTTP Request: POST http://host.docker.internal:11434/api/embed "HTTP/1.1 200 OK"
2025-07-21 17:00:38,223 - plum_chatbot.datasources.qdrant_datasource - INFO - Qdrant client initialized successfully.
2025-07-21 17:00:38,315 - plum_chatbot.datasources.postgres_datasource - INFO - PostgreSQL client initialized successfully.
2025-07-21 17:00:38,315 - plum_chatbot.webserver.lifespan - INFO - All dependencies initialized successfully.
2025-07-21 17:00:38,315 - plum_chatbot.webserver.lifespan - INFO - Starting up the webserver...
2025-07-21 17:06:48,446 - httpx - INFO - HTTP Request: POST http://host.docker.internal:11434/api/chat "HTTP/1.1 200 OK"
2025-07-21 17:06:48,502 - httpx - INFO - HTTP Request: POST http://host.docker.internal:11434/api/embed "HTTP/1.1 200 OK"
2025-07-21 17:06:48,522 - httpx - INFO - HTTP Request: POST http://plum_database:6333/collections/FAQ2/points/query "HTTP/1.1 200 OK"
2025-07-21 17:06:49,309 - httpx - INFO - HTTP Request: POST http://host.docker.internal:11434/api/chat "HTTP/1.1 200 OK"
2025-07-21 17:10:32,613 - plum_chatbot.webserver.agent - ERROR - An exception occurred: 404: Chat session not found or not provided.
2025-07-21 17:10:50,317 - httpx - INFO - HTTP Request: POST http://host.docker.internal:11434/api/chat "HTTP/1.1 200 OK"
2025-07-21 17:10:50,374 - httpx - INFO - HTTP Request: POST http://host.docker.internal:11434/api/embed "HTTP/1.1 200 OK"
2025-07-21 17:10:50,389 - httpx - INFO - HTTP Request: POST http://plum_database:6333/collections/FAQ2/points/query "HTTP/1.1 200 OK"
2025-07-21 17:10:51,735 - httpx - INFO - HTTP Request: POST http://host.docker.internal:11434/api/chat "HTTP/1.1 200 OK"
2025-07-21 17:14:07,111 - httpx - INFO - HTTP Request: POST http://host.docker.internal:11434/api/chat "HTTP/1.1 200 OK"
2025-07-21 17:14:07,168 - httpx - INFO - HTTP Request: POST http://host.docker.internal:11434/api/embed "HTTP/1.1 200 OK"
2025-07-21 17:14:07,180 - httpx - INFO - HTTP Request: POST http://plum_database:6333/collections/FAQ2/points/query "HTTP/1.1 200 OK"
2025-07-21 17:14:07,965 - httpx - INFO - HTTP Request: POST http://host.docker.internal:11434/api/chat "HTTP/1.1 200 OK"
2025-07-21 17:14:20,063 - httpx - INFO - HTTP Request: POST http://host.docker.internal:11434/api/chat "HTTP/1.1 200 OK"
2025-07-21 17:14:20,130 - httpx - INFO - HTTP Request: POST http://host.docker.internal:11434/api/embed "HTTP/1.1 200 OK"
2025-07-21 17:14:20,144 - httpx - INFO - HTTP Request: POST http://plum_database:6333/collections/FAQ2/points/query "HTTP/1.1 200 OK"
2025-07-21 17:14:20,893 - httpx - INFO - HTTP Request: POST http://host.docker.internal:11434/api/chat "HTTP/1.1 200 OK"
2025-07-21 17:14:42,210 - httpx - INFO - HTTP Request: POST http://host.docker.internal:11434/api/chat "HTTP/1.1 200 OK"
2025-07-21 17:14:42,265 - httpx - INFO - HTTP Request: POST http://host.docker.internal:11434/api/embed "HTTP/1.1 200 OK"
2025-07-21 17:14:42,274 - httpx - INFO - HTTP Request: POST http://plum_database:6333/collections/FAQ2/points/query "HTTP/1.1 200 OK"
2025-07-21 17:14:43,659 - httpx - INFO - HTTP Request: POST http://host.docker.internal:11434/api/chat "HTTP/1.1 200 OK"
2025-07-21 17:19:09,203 - httpx - INFO - HTTP Request: POST http://host.docker.internal:11434/api/chat "HTTP/1.1 200 OK"
2025-07-21 17:19:09,283 - httpx - INFO - HTTP Request: POST http://host.docker.internal:11434/api/embed "HTTP/1.1 200 OK"
2025-07-21 17:19:09,300 - httpx - INFO - HTTP Request: POST http://plum_database:6333/collections/FAQ2/points/query "HTTP/1.1 200 OK"
2025-07-21 17:19:10,086 - httpx - INFO - HTTP Request: POST http://host.docker.internal:11434/api/chat "HTTP/1.1 200 OK"
2025-07-21 17:22:27,027 - plum_chatbot.webserver.lifespan - INFO - Cleaning up dependencies...
2025-07-21 17:22:27,028 - plum_chatbot.datasources.qdrant_datasource - INFO - Qdrant client shut down successfully.
2025-07-21 17:22:27,029 - plum_chatbot.datasources.postgres_datasource - INFO - PostgreSQL client shut down successfully.
2025-07-21 17:22:27,029 - plum_chatbot.webserver.lifespan - INFO - All dependencies cleaned up successfully.
2025-07-21 17:22:27,029 - plum_chatbot.webserver.lifespan - INFO - Shutting down the webserver...
2025-07-21 17:22:31,053 - plum_chatbot.webserver.lifespan - INFO - Initializing dependencies...
2025-07-21 17:22:31,102 - httpx - INFO - HTTP Request: GET http://plum_database:6333 "HTTP/1.1 200 OK"
2025-07-21 17:22:31,104 - httpx - INFO - HTTP Request: GET http://plum_database:6333/collections/FAQ2 "HTTP/1.1 200 OK"
2025-07-21 17:22:31,282 - httpx - INFO - HTTP Request: POST http://host.docker.internal:11434/api/embed "HTTP/1.1 200 OK"
2025-07-21 17:22:31,283 - plum_chatbot.datasources.qdrant_datasource - INFO - Qdrant client initialized successfully.
2025-07-21 17:22:31,388 - plum_chatbot.datasources.postgres_datasource - INFO - PostgreSQL client initialized successfully.
2025-07-21 17:22:31,389 - plum_chatbot.webserver.lifespan - INFO - All dependencies initialized successfully.
2025-07-21 17:22:31,389 - plum_chatbot.webserver.lifespan - INFO - Starting up the webserver...
2025-07-21 17:22:46,332 - httpx - INFO - HTTP Request: POST http://host.docker.internal:11434/api/chat "HTTP/1.1 200 OK"
2025-07-21 17:22:46,386 - httpx - INFO - HTTP Request: POST http://host.docker.internal:11434/api/embed "HTTP/1.1 200 OK"
2025-07-21 17:22:46,399 - httpx - INFO - HTTP Request: POST http://plum_database:6333/collections/FAQ2/points/query "HTTP/1.1 200 OK"
2025-07-21 17:22:47,178 - httpx - INFO - HTTP Request: POST http://host.docker.internal:11434/api/chat "HTTP/1.1 200 OK"
2025-07-21 17:23:02,169 - httpx - INFO - HTTP Request: POST http://host.docker.internal:11434/api/chat "HTTP/1.1 200 OK"
2025-07-21 17:23:02,227 - httpx - INFO - HTTP Request: POST http://host.docker.internal:11434/api/embed "HTTP/1.1 200 OK"
2025-07-21 17:23:02,239 - httpx - INFO - HTTP Request: POST http://plum_database:6333/collections/FAQ2/points/query "HTTP/1.1 200 OK"
2025-07-21 17:23:02,988 - httpx - INFO - HTTP Request: POST http://host.docker.internal:11434/api/chat "HTTP/1.1 200 OK"
2025-07-21 17:24:40,016 - httpx - INFO - HTTP Request: POST http://host.docker.internal:11434/api/chat "HTTP/1.1 200 OK"
2025-07-21 17:24:40,075 - httpx - INFO - HTTP Request: POST http://host.docker.internal:11434/api/embed "HTTP/1.1 200 OK"
2025-07-21 17:24:40,087 - httpx - INFO - HTTP Request: POST http://plum_database:6333/collections/FAQ2/points/query "HTTP/1.1 200 OK"
2025-07-21 17:24:41,429 - httpx - INFO - HTTP Request: POST http://host.docker.internal:11434/api/chat "HTTP/1.1 200 OK"
2025-07-21 17:26:23,411 - httpx - INFO - HTTP Request: POST http://host.docker.internal:11434/api/chat "HTTP/1.1 200 OK"
2025-07-21 17:26:23,496 - httpx - INFO - HTTP Request: POST http://host.docker.internal:11434/api/embed "HTTP/1.1 200 OK"
2025-07-21 17:26:23,510 - httpx - INFO - HTTP Request: POST http://plum_database:6333/collections/FAQ2/points/query "HTTP/1.1 200 OK"
2025-07-21 17:26:24,297 - httpx - INFO - HTTP Request: POST http://host.docker.internal:11434/api/chat "HTTP/1.1 200 OK"
2025-07-21 17:36:13,613 - plum_chatbot.webserver.lifespan - INFO - Cleaning up dependencies...
2025-07-21 17:36:13,614 - plum_chatbot.datasources.qdrant_datasource - INFO - Qdrant client shut down successfully.
2025-07-21 17:36:13,617 - plum_chatbot.datasources.postgres_datasource - INFO - PostgreSQL client shut down successfully.
2025-07-21 17:36:13,619 - plum_chatbot.webserver.lifespan - INFO - All dependencies cleaned up successfully.
2025-07-21 17:36:13,619 - plum_chatbot.webserver.lifespan - INFO - Shutting down the webserver...
